2014-11-14 23:13:18.220 Eat[6134:450484] DiskCookieStorage changing policy from 2 to 0, cookie file: file:///Users/alexandernguyen/Library/Developer/CoreSimulator/Devices/0C732D6B-6D47-4B15-8365-FCF94244FE56/data/Containers/Data/Application/2A2EA512-CD7F-474D-93C5-4FE190875E4F/Library/Cookies/Cookies.binarycookies
2014-11-14 23:13:18.298 Eat[6134:450484] Apache Cordova native platform version 3.6.3 is starting.
2014-11-14 23:13:18.299 Eat[6134:450484] Multi-tasking -> Device: YES, App: YES
2014-11-14 23:13:18.320 Eat[6134:450484] Unlimited access to network resources
2014-11-14 23:13:18.725 Eat[6134:450484] [CDVTimer][keyboard] 0.331998ms
2014-11-14 23:13:18.885 Eat[6134:450484] [CDVTimer][statusbar] 159.776986ms
2014-11-14 23:13:18.885 Eat[6134:450484] [CDVTimer][TotalPluginStartup] 160.426974ms
2014-11-14 23:13:19.484 Eat[6134:450484] Resetting plugins due to page load.
2014-11-14 23:13:19.857 Eat[6134:450484] Finished load of: file:///Users/alexandernguyen/Library/Developer/CoreSimulator/Devices/0C732D6B-6D47-4B15-8365-FCF94244FE56/data/Containers/Bundle/Application/3239DD5E-4082-4E5F-8014-0DF26F9A7D5D/Eat.app/www/index.html#/tab/home
2014-11-14 23:13:22.878 Eat[6134:450484] Error retrieving position 2 The operation couldn’t be completed. (kCLErrorDomain error 0.)
2014-11-14 23:13:23.878 Eat[6134:450484] locationManager::didFailWithError (null)
2014-11-14 23:13:23.882 Eat[6134:450484] Error retrieving position 2 The operation couldn’t be completed. (kCLErrorDomain error 0.)
2014-11-14 23:13:26.689 Eat[6134:450484] 15000
2014-11-14 23:13:27.802 Eat[6134:450484] success
2014-11-14 23:13:27.802 Eat[6134:450484] {"meta":{"code":200},"notifications":[{"type":"notificationTray","item":{"unreadCount":0}}],"response":{"warning":{"text":"There aren't a lot of results near you. Try something more general, reset your filters, or expand the search area."},"headerLocation":"Streetsville","headerFullLocation":"Streetsville","headerLocationGranularity":"city","query":"food","totalResults":0,"suggestedBounds":{"ne":{"lat":43.604500004500004,"lng":-79.6437976014868},"sw":{"lat":43.5954999955,"lng":-79.65620239851322}},"groups":[{"type":"Recommended Places","name":"recommended","items":[]}]}}
2014-11-14 23:13:29.366 Eat[6134:450484] success
2014-11-14 23:13:29.366 Eat[6134:450484] {"meta":{"code":200},"notifications":[{"type":"notificationTray","item":{"unreadCount":0}}],"response":{"warning":{"text":"There aren't a lot of results near you. Try something more general, reset your filters, or expand the search area."},"headerLocation":"Streetsville","headerFullLocation":"Streetsville","headerLocationGranularity":"city","query":"food","totalResults":0,"suggestedBounds":{"ne":{"lat":43.604500004500004,"lng":-79.6437976014868},"sw":{"lat":43.5954999955,"lng":-79.65620239851322}},"groups":[{"type":"Recommended Places","name":"recommended","items":[]}]}}
2014-11-14 23:13:31.544 Eat[6134:450484] 10000
2014-11-14 23:13:31.986 Eat[6134:450484] 15000
2014-11-14 23:13:33.220 Eat[6134:450484] success
2014-11-14 23:13:33.220 Eat[6134:450484] {"meta":{"code":200},"notifications":[{"type":"notificationTray","item":{"unreadCount":0}}],"response":{"warning":{"text":"There aren't a lot of results near you. Try something more general, reset your filters, or expand the search area."},"headerLocation":"Streetsville","headerFullLocation":"Streetsville","headerLocationGranularity":"city","query":"food","totalResults":0,"suggestedBounds":{"ne":{"lat":43.604500004500004,"lng":-79.6437976014868},"sw":{"lat":43.5954999955,"lng":-79.65620239851322}},"groups":[{"type":"Recommended Places","name":"recommended","items":[]}]}}
2014-11-14 23:13:38.084 Eat[6134:450484] 500
2014-11-14 23:13:38.908 Eat[6134:450484] 10000
2014-11-14 23:13:40.536 Eat[6134:450484] success
2014-11-14 23:13:40.536 Eat[6134:450484] {"meta":{"code":200},"notifications":[{"type":"notificationTray","item":{"unreadCount":0}}],"response":{"warning":{"text":"There aren't a lot of results near you. Try something more general, reset your filters, or expand the search area."},"headerLocation":"Streetsville","headerFullLocation":"Streetsville","headerLocationGranularity":"city","query":"food","totalResults":0,"suggestedBounds":{"ne":{"lat":43.604500004500004,"lng":-79.6437976014868},"sw":{"lat":43.5954999955,"lng":-79.65620239851322}},"groups":[{"type":"Recommended Places","name":"recommended","items":[]}]}}
